Build started 31-May-22 12:25:22 PM.
     1>Project "C:\Users\student\Desktop\Labs PS\Lab7_Draw1\src\src.vcxproj" on node 2 (Build target(s)).
     1>ClCompile:
         C:\Program Files (x86)\Microsoft Visual Studio 11.0\VC\bin\CL.exe /c /ZI /nologo /W3 /WX- /Od /Oy- /D WIN32 /D _DEBUG /D _WINDOWS /D _VC80_UPGRADE=0x0600 /D _MBCS /Gm /EHsc /RTC1 /MTd /GS /Gy- /fp:precise /Zc:wchar_t /Zc:forScope /Yc"stdafx.h" /Fp".\Debug\src.pch" /Fo".\Debug\\" /Fd".\Debug\vc110.pdb" /Gd /TP /analyze- /errorReport:prompt StdAfx.cpp
         StdAfx.cpp
         C:\Program Files (x86)\Microsoft Visual Studio 11.0\VC\bin\CL.exe /c /ZI /nologo /W3 /WX- /Od /Oy- /D WIN32 /D _DEBUG /D _WINDOWS /D _VC80_UPGRADE=0x0600 /D _MBCS /Gm /EHsc /RTC1 /MTd /GS /Gy- /fp:precise /Zc:wchar_t /Zc:forScope /Yu"stdafx.h" /Fp".\Debug\src.pch" /Fo".\Debug\\" /Fd".\Debug\vc110.pdb" /Gd /TP /analyze- /errorReport:prompt dlg.cpp drw.cpp mouse.cpp src.cpp
         src.cpp
         mouse.cpp
         drw.cpp
     1>c:\users\student\desktop\labs ps\lab7_draw1\src\drw.cpp(11): warning C4101: 'ff' : unreferenced local variable
         dlg.cpp
         Generating Code...
       ResourceCompile:
         C:\Program Files (x86)\Windows Kits\8.0\bin\x86\rc.exe /D _DEBUG /D _VC80_UPGRADE=0x0600 /l"0x0402" /nologo /fo".\Debug\src.res" src.rc 
       Link:
         C:\Program Files (x86)\Microsoft Visual Studio 11.0\VC\bin\link.exe /ERRORREPORT:PROMPT /OUT:".\Debug\src.exe" /INCREMENTAL /NOLOGO odbc32.lib odbccp32.lib comctl32.lib kernel32.lib user32.lib gdi32.lib winspool.lib comdlg32.lib advapi32.lib shell32.lib ole32.lib oleaut32.lib uuid.lib odbc32.lib odbccp32.lib /MANIFEST /MANIFESTUAC:"level='asInvoker' uiAccess='false'" /manifest:embed /DEBUG /PDB:".\Debug\src.pdb" /SUBSYSTEM:WINDOWS /TLBID:1 /DYNAMICBASE /NXCOMPAT /IMPLIB:".\Debug\src.lib" /MACHINE:X86 /SAFESEH .\Debug\src.res
         .\Debug\dlg.obj
         .\Debug\drw.obj
         .\Debug\mouse.obj
         .\Debug\src.obj
         .\Debug\StdAfx.obj
         LINK : .\Debug\src.exe not found or not built by the last incremental link; performing full link
     1>dlg.obj : warning LNK4075: ignoring '/EDITANDCONTINUE' due to '/SAFESEH' specification
         src.vcxproj -> C:\Users\student\Desktop\Labs PS\Lab7_Draw1\src\.\Debug\src.exe
     1>Done Building Project "C:\Users\student\Desktop\Labs PS\Lab7_Draw1\src\src.vcxproj" (Build target(s)).

Build succeeded.

Time Elapsed 00:00:01.14
