C:\USERS\STUDENT\DESKTOP\PS\NEW\LAB7_DRAW1\SRC\DEBUG\SRC.PCH
C:\USERS\STUDENT\DESKTOP\PS\NEW\LAB7_DRAW1\SRC\DEBUG\STDAFX.OBJ
C:\USERS\STUDENT\DESKTOP\PS\NEW\LAB7_DRAW1\SRC\DEBUG\VC110.PDB
C:\USERS\STUDENT\DESKTOP\PS\NEW\LAB7_DRAW1\SRC\DEBUG\DLG.OBJ
C:\USERS\STUDENT\DESKTOP\PS\NEW\LAB7_DRAW1\SRC\DEBUG\DRW.OBJ
C:\USERS\STUDENT\DESKTOP\PS\NEW\LAB7_DRAW1\SRC\DEBUG\MOUSE.OBJ
C:\USERS\STUDENT\DESKTOP\PS\NEW\LAB7_DRAW1\SRC\DEBUG\SRC.OBJ
C:\USERS\STUDENT\DESKTOP\PS\NEW\LAB7_DRAW1\SRC\DEBUG\SRC.EXE
C:\USERS\STUDENT\DESKTOP\PS\NEW\LAB7_DRAW1\SRC\DEBUG\SRC.PDB
C:\USERS\STUDENT\DESKTOP\PS\NEW\LAB7_DRAW1\SRC\DEBUG\SRC.RES
C:\Users\Student\Desktop\PS\NEW\Lab7_Draw1\src\Debug\dlg.obj
C:\Users\Student\Desktop\PS\NEW\Lab7_Draw1\src\Debug\drw.obj
C:\Users\Student\Desktop\PS\NEW\Lab7_Draw1\src\Debug\mouse.obj
C:\Users\Student\Desktop\PS\NEW\Lab7_Draw1\src\Debug\src.obj
C:\Users\Student\Desktop\PS\NEW\Lab7_Draw1\src\Debug\StdAfx.obj
C:\Users\Student\Desktop\PS\NEW\Lab7_Draw1\src\Debug\cl.command.1.tlog
C:\Users\Student\Desktop\PS\NEW\Lab7_Draw1\src\Debug\CL.read.1.tlog
C:\Users\Student\Desktop\PS\NEW\Lab7_Draw1\src\Debug\CL.write.1.tlog
C:\Users\Student\Desktop\PS\NEW\Lab7_Draw1\src\Debug\link-cvtres.read.1.tlog
C:\Users\Student\Desktop\PS\NEW\Lab7_Draw1\src\Debug\link-cvtres.write.1.tlog
C:\Users\Student\Desktop\PS\NEW\Lab7_Draw1\src\Debug\link-rc.read.1.tlog
C:\Users\Student\Desktop\PS\NEW\Lab7_Draw1\src\Debug\link-rc.write.1.tlog
C:\Users\Student\Desktop\PS\NEW\Lab7_Draw1\src\Debug\link.command.1.tlog
C:\Users\Student\Desktop\PS\NEW\Lab7_Draw1\src\Debug\link.read.1.tlog
C:\Users\Student\Desktop\PS\NEW\Lab7_Draw1\src\Debug\link.write.1.tlog
C:\Users\Student\Desktop\PS\NEW\Lab7_Draw1\src\Debug\rc.command.1.tlog
C:\Users\Student\Desktop\PS\NEW\Lab7_Draw1\src\Debug\rc.read.1.tlog
C:\Users\Student\Desktop\PS\NEW\Lab7_Draw1\src\Debug\rc.write.1.tlog
C:\Users\Student\Desktop\PS\NEW\Lab7_Draw1\src\Debug\src.res
C:\Users\Student\Desktop\PS\NEW\Lab7_Draw1\src\Debug\src.pch
C:\Users\Student\Desktop\PS\NEW\Lab7_Draw1\src\Debug\vc110.idb
C:\Users\Student\Desktop\PS\NEW\Lab7_Draw1\src\Debug\vc60.idb
C:\Users\Student\Desktop\PS\NEW\Lab7_Draw1\src\Debug\src.pdb
C:\Users\Student\Desktop\PS\NEW\Lab7_Draw1\src\Debug\vc110.pdb
C:\Users\Student\Desktop\PS\NEW\Lab7_Draw1\src\Debug\vc60.pdb
C:\Users\Student\Desktop\PS\NEW\Lab7_Draw1\src\.\Debug\src.exe
